<?xml version="1.0" encoding="UTF-8"?>
<!-- Generated by org.testng.reporters.JUnitReportReporter -->
<testsuite hostname="DESKTOP-P8D32N0" failures="0" tests="1" name="cucumber.testNGTestRunner" time="11.649" errors="0" timestamp="2025-07-06T17:06:38 IST" skipped="0">
  <testcase classname="cucumber.testNGTestRunner" name="runScenario" time="11.649"/>
</testsuite> <!-- cucumber.testNGTestRunner -->
